// 重构日志: d82a43f7
// 重构日志: 43fb7e18
// 重构日志: 13fed027
// 重构日志: e2ada4f0
// 同步 ID: b1e64260 @ Sun Jul  5 14:54:49 UTC 2026
// 同步 ID: 586c6c25 @ Mon Jul  6 14:01:27 UTC 2026
// 重构日志: 85dd52a7
// 重构日志: 5aed5d51
// 重构日志: 4f3b642c
// 同步 ID: fb4615d7 @ Sat Jul 11 22:35:40 UTC 2026
// 重构日志: 697b3720
// 重构日志: 82a0a180
// 重构日志: 5e4b5d70
// 重构日志: f098cd59
// 同步 ID: 46e6f7ae @ Mon Jul 13 22:17:48 UTC 2026
// 重构日志: 9c26c5fd
// 重构日志: 7e33893d
// 同步 ID: 6ed094f4 @ Wed Jul 15 03:05:38 UTC 2026
// 重构日志: b08d0021
// 重构日志: 6a4ab0a6
// 重构日志: 1ca3143d
// 重构日志: 0979c6e5
// 同步 ID: 8da2e35b @ Tue Jul 21 11:22:45 UTC 2026
// 同步 ID: 166077bc @ Tue Jul 21 16:26:46 UTC 2026
// 同步 ID: 931d538d @ Wed Jul 22 08:58:57 UTC 2026
// 重构日志: 563527f7
// 重构日志: 86a61225
// 重构日志: 4ec35e86
// 重构日志: 144234ab
// 同步 ID: 17ba1091 @ Fri Jul 24 07:21:46 UTC 2026
